C:\USERS\REMCO\CPPWORKSPACE\CLIENT_SERVER_PRACTICE\RELEASE\CLIENT.EXE
C:\USERS\REMCO\CPPWORKSPACE\CLIENT_SERVER_PRACTICE\RELEASE\CLIENT.PDB
C:\USERS\REMCO\CPPWORKSPACE\CLIENT_SERVER_PRACTICE\RELEASE\INTERM\_FINDFIRST.OBJ
C:\USERS\REMCO\CPPWORKSPACE\CLIENT_SERVER_PRACTICE\RELEASE\INTERM\BASE64ENCODER.OBJ
C:\USERS\REMCO\CPPWORKSPACE\CLIENT_SERVER_PRACTICE\RELEASE\INTERM\BITSTREAM.OBJ
C:\USERS\REMCO\CPPWORKSPACE\CLIENT_SERVER_PRACTICE\RELEASE\INTERM\CCRAKNETSLIDINGWINDOW.OBJ
C:\USERS\REMCO\CPPWORKSPACE\CLIENT_SERVER_PRACTICE\RELEASE\INTERM\CCRAKNETUDT.OBJ
C:\USERS\REMCO\CPPWORKSPACE\CLIENT_SERVER_PRACTICE\RELEASE\INTERM\CHATGUI.OBJ
C:\USERS\REMCO\CPPWORKSPACE\CLIENT_SERVER_PRACTICE\RELEASE\INTERM\CHECKSUM.OBJ
C:\Users\Remco\cppworkspace\client_server_practice\Release\interm\cl.command.1.tlog
C:\Users\Remco\cppworkspace\client_server_practice\Release\interm\CL.read.1.tlog
C:\Users\Remco\cppworkspace\client_server_practice\Release\interm\CL.write.1.tlog
C:\USERS\REMCO\CPPWORKSPACE\CLIENT_SERVER_PRACTICE\RELEASE\INTERM\CLIENT.EXE.INTERMEDIATE.MANIFEST
C:\USERS\REMCO\CPPWORKSPACE\CLIENT_SERVER_PRACTICE\RELEASE\INTERM\CLIENT.OBJ
C:\Users\Remco\cppworkspace\client_server_practice\Release\interm\Client.vcxprojResolveAssemblyReference.cache
C:\Users\Remco\cppworkspace\client_server_practice\Release\interm\Client.write.1.tlog
C:\Users\Remco\cppworkspace\client_server_practice\Release\interm\client_server_practice.vcxprojResolveAssemblyReference.cache
C:\USERS\REMCO\CPPWORKSPACE\CLIENT_SERVER_PRACTICE\RELEASE\INTERM\CLIENTSETTINGS.OBJ
C:\USERS\REMCO\CPPWORKSPACE\CLIENT_SERVER_PRACTICE\RELEASE\INTERM\CLOUDCLIENT.OBJ
C:\USERS\REMCO\CPPWORKSPACE\CLIENT_SERVER_PRACTICE\RELEASE\INTERM\CLOUDCOMMON.OBJ
C:\USERS\REMCO\CPPWORKSPACE\CLIENT_SERVER_PRACTICE\RELEASE\INTERM\CLOUDSERVER.OBJ
C:\USERS\REMCO\CPPWORKSPACE\CLIENT_SERVER_PRACTICE\RELEASE\INTERM\COMMANDPARSERINTERFACE.OBJ
C:\USERS\REMCO\CPPWORKSPACE\CLIENT_SERVER_PRACTICE\RELEASE\INTERM\CONNECTIONGRAPH2.OBJ
C:\USERS\REMCO\CPPWORKSPACE\CLIENT_SERVER_PRACTICE\RELEASE\INTERM\CONSOLESERVER.OBJ
C:\USERS\REMCO\CPPWORKSPACE\CLIENT_SERVER_PRACTICE\RELEASE\INTERM\CONTROLHANDLER.OBJ
C:\USERS\REMCO\CPPWORKSPACE\CLIENT_SERVER_PRACTICE\RELEASE\INTERM\DATACOMPRESSOR.OBJ
C:\USERS\REMCO\CPPWORKSPACE\CLIENT_SERVER_PRACTICE\RELEASE\INTERM\DIRECTORYDELTATRANSFER.OBJ
C:\USERS\REMCO\CPPWORKSPACE\CLIENT_SERVER_PRACTICE\RELEASE\INTERM\DS_BYTEPOOL.OBJ
C:\USERS\REMCO\CPPWORKSPACE\CLIENT_SERVER_PRACTICE\RELEASE\INTERM\DS_BYTEQUEUE.OBJ
C:\USERS\REMCO\CPPWORKSPACE\CLIENT_SERVER_PRACTICE\RELEASE\INTERM\DS_HUFFMANENCODINGTREE.OBJ
C:\USERS\REMCO\CPPWORKSPACE\CLIENT_SERVER_PRACTICE\RELEASE\INTERM\DS_TABLE.OBJ
C:\USERS\REMCO\CPPWORKSPACE\CLIENT_SERVER_PRACTICE\RELEASE\INTERM\DYNDNS.OBJ
C:\USERS\REMCO\CPPWORKSPACE\CLIENT_SERVER_PRACTICE\RELEASE\INTERM\EMAILSENDER.OBJ
C:\USERS\REMCO\CPPWORKSPACE\CLIENT_SERVER_PRACTICE\RELEASE\INTERM\EPOCHTIMETOSTRING.OBJ
C:\USERS\REMCO\CPPWORKSPACE\CLIENT_SERVER_PRACTICE\RELEASE\INTERM\FILELIST.OBJ
C:\USERS\REMCO\CPPWORKSPACE\CLIENT_SERVER_PRACTICE\RELEASE\INTERM\FILELISTTRANSFER.OBJ
C:\USERS\REMCO\CPPWORKSPACE\CLIENT_SERVER_PRACTICE\RELEASE\INTERM\FILEOPERATIONS.OBJ
C:\USERS\REMCO\CPPWORKSPACE\CLIENT_SERVER_PRACTICE\RELEASE\INTERM\FORMATSTRING.OBJ
C:\USERS\REMCO\CPPWORKSPACE\CLIENT_SERVER_PRACTICE\RELEASE\INTERM\FULLYCONNECTEDMESH2.OBJ
C:\USERS\REMCO\CPPWORKSPACE\CLIENT_SERVER_PRACTICE\RELEASE\INTERM\GAMEHANDLER.OBJ
C:\USERS\REMCO\CPPWORKSPACE\CLIENT_SERVER_PRACTICE\RELEASE\INTERM\GETCHE.OBJ
C:\USERS\REMCO\CPPWORKSPACE\CLIENT_SERVER_PRACTICE\RELEASE\INTERM\GETS.OBJ
C:\USERS\REMCO\CPPWORKSPACE\CLIENT_SERVER_PRACTICE\RELEASE\INTERM\GETTIME.OBJ
C:\USERS\REMCO\CPPWORKSPACE\CLIENT_SERVER_PRACTICE\RELEASE\INTERM\GETTIMEOFDAY.OBJ
C:\USERS\REMCO\CPPWORKSPACE\CLIENT_SERVER_PRACTICE\RELEASE\INTERM\GRIDSECTORIZER.OBJ
C:\USERS\REMCO\CPPWORKSPACE\CLIENT_SERVER_PRACTICE\RELEASE\INTERM\GUIENTITY.OBJ
C:\USERS\REMCO\CPPWORKSPACE\CLIENT_SERVER_PRACTICE\RELEASE\INTERM\GUIHANDLER.OBJ
C:\USERS\REMCO\CPPWORKSPACE\CLIENT_SERVER_PRACTICE\RELEASE\INTERM\HTTPCONNECTION.OBJ
C:\USERS\REMCO\CPPWORKSPACE\CLIENT_SERVER_PRACTICE\RELEASE\INTERM\HTTPCONNECTION2.OBJ
C:\USERS\REMCO\CPPWORKSPACE\CLIENT_SERVER_PRACTICE\RELEASE\INTERM\INCREMENTALREADINTERFACE.OBJ
C:\USERS\REMCO\CPPWORKSPACE\CLIENT_SERVER_PRACTICE\RELEASE\INTERM\INGAMEMENUGUI.OBJ
C:\USERS\REMCO\CPPWORKSPACE\CLIENT_SERVER_PRACTICE\RELEASE\INTERM\INPUTHANDLER.OBJ
C:\USERS\REMCO\CPPWORKSPACE\CLIENT_SERVER_PRACTICE\RELEASE\INTERM\ITOA.OBJ
C:\Users\Remco\cppworkspace\client_server_practice\Release\interm\link.256.read.1.tlog
C:\Users\Remco\cppworkspace\client_server_practice\Release\interm\link.256.write.1.tlog
C:\Users\Remco\cppworkspace\client_server_practice\Release\interm\link.256-cvtres.read.1.tlog
C:\Users\Remco\cppworkspace\client_server_practice\Release\interm\link.256-cvtres.write.1.tlog
C:\Users\Remco\cppworkspace\client_server_practice\Release\interm\link.2616.read.1.tlog
C:\Users\Remco\cppworkspace\client_server_practice\Release\interm\link.2616.write.1.tlog
C:\Users\Remco\cppworkspace\client_server_practice\Release\interm\link.2616-cvtres.read.1.tlog
C:\Users\Remco\cppworkspace\client_server_practice\Release\interm\link.2616-cvtres.write.1.tlog
C:\Users\Remco\cppworkspace\client_server_practice\Release\interm\link.3136.read.1.tlog
C:\Users\Remco\cppworkspace\client_server_practice\Release\interm\link.3136.write.1.tlog
C:\Users\Remco\cppworkspace\client_server_practice\Release\interm\link.3136-cvtres.read.1.tlog
C:\Users\Remco\cppworkspace\client_server_practice\Release\interm\link.3136-cvtres.write.1.tlog
C:\Users\Remco\cppworkspace\client_server_practice\Release\interm\link.3532.read.1.tlog
C:\Users\Remco\cppworkspace\client_server_practice\Release\interm\link.3532.write.1.tlog
C:\Users\Remco\cppworkspace\client_server_practice\Release\interm\link.3812.read.1.tlog
C:\Users\Remco\cppworkspace\client_server_practice\Release\interm\link.3812.write.1.tlog
C:\Users\Remco\cppworkspace\client_server_practice\Release\interm\link.3812-cvtres.read.1.tlog
C:\Users\Remco\cppworkspace\client_server_practice\Release\interm\link.3812-cvtres.write.1.tlog
C:\Users\Remco\cppworkspace\client_server_practice\Release\interm\link.3824.read.1.tlog
C:\Users\Remco\cppworkspace\client_server_practice\Release\interm\link.3824.write.1.tlog
C:\Users\Remco\cppworkspace\client_server_practice\Release\interm\link.3824-cvtres.read.1.tlog
C:\Users\Remco\cppworkspace\client_server_practice\Release\interm\link.3824-cvtres.write.1.tlog
C:\Users\Remco\cppworkspace\client_server_practice\Release\interm\link.4504.read.1.tlog
C:\Users\Remco\cppworkspace\client_server_practice\Release\interm\link.4504.write.1.tlog
C:\Users\Remco\cppworkspace\client_server_practice\Release\interm\link.4504-cvtres.read.1.tlog
C:\Users\Remco\cppworkspace\client_server_practice\Release\interm\link.4504-cvtres.write.1.tlog
C:\Users\Remco\cppworkspace\client_server_practice\Release\interm\link.5052.read.1.tlog
C:\Users\Remco\cppworkspace\client_server_practice\Release\interm\link.5052.write.1.tlog
C:\Users\Remco\cppworkspace\client_server_practice\Release\interm\link.5052-cvtres.read.1.tlog
C:\Users\Remco\cppworkspace\client_server_practice\Release\interm\link.5052-cvtres.write.1.tlog
C:\Users\Remco\cppworkspace\client_server_practice\Release\interm\link.5144.read.1.tlog
C:\Users\Remco\cppworkspace\client_server_practice\Release\interm\link.5144.write.1.tlog
C:\Users\Remco\cppworkspace\client_server_practice\Release\interm\link.5144-cvtres.read.1.tlog
C:\Users\Remco\cppworkspace\client_server_practice\Release\interm\link.5144-cvtres.write.1.tlog
C:\Users\Remco\cppworkspace\client_server_practice\Release\interm\link.5416.read.1.tlog
C:\Users\Remco\cppworkspace\client_server_practice\Release\interm\link.5416.write.1.tlog
C:\Users\Remco\cppworkspace\client_server_practice\Release\interm\link.5416-cvtres.read.1.tlog
C:\Users\Remco\cppworkspace\client_server_practice\Release\interm\link.5416-cvtres.write.1.tlog
C:\Users\Remco\cppworkspace\client_server_practice\Release\interm\link.6652.read.1.tlog
C:\Users\Remco\cppworkspace\client_server_practice\Release\interm\link.6652.write.1.tlog
C:\Users\Remco\cppworkspace\client_server_practice\Release\interm\link.7248.read.1.tlog
C:\Users\Remco\cppworkspace\client_server_practice\Release\interm\link.7248.write.1.tlog
C:\Users\Remco\cppworkspace\client_server_practice\Release\interm\link.7248-cvtres.read.1.tlog
C:\Users\Remco\cppworkspace\client_server_practice\Release\interm\link.7248-cvtres.write.1.tlog
C:\Users\Remco\cppworkspace\client_server_practice\Release\interm\link.7548.read.1.tlog
C:\Users\Remco\cppworkspace\client_server_practice\Release\interm\link.7548.write.1.tlog
C:\Users\Remco\cppworkspace\client_server_practice\Release\interm\link.7548-cvtres.read.1.tlog
C:\Users\Remco\cppworkspace\client_server_practice\Release\interm\link.7548-cvtres.write.1.tlog
C:\Users\Remco\cppworkspace\client_server_practice\Release\interm\link.7616.read.1.tlog
C:\Users\Remco\cppworkspace\client_server_practice\Release\interm\link.7616.write.1.tlog
C:\Users\Remco\cppworkspace\client_server_practice\Release\interm\link.7616-cvtres.read.1.tlog
C:\Users\Remco\cppworkspace\client_server_practice\Release\interm\link.7616-cvtres.write.1.tlog
C:\Users\Remco\cppworkspace\client_server_practice\Release\interm\link.7756.read.1.tlog
C:\Users\Remco\cppworkspace\client_server_practice\Release\interm\link.7756.write.1.tlog
C:\Users\Remco\cppworkspace\client_server_practice\Release\interm\link.7756-cvtres.read.1.tlog
C:\Users\Remco\cppworkspace\client_server_practice\Release\interm\link.7756-cvtres.write.1.tlog
C:\Users\Remco\cppworkspace\client_server_practice\Release\interm\link.7912.read.1.tlog
C:\Users\Remco\cppworkspace\client_server_practice\Release\interm\link.7912.write.1.tlog
C:\Users\Remco\cppworkspace\client_server_practice\Release\interm\link.9188.read.1.tlog
C:\Users\Remco\cppworkspace\client_server_practice\Release\interm\link.9188.write.1.tlog
C:\Users\Remco\cppworkspace\client_server_practice\Release\interm\link.9188-cvtres.read.1.tlog
C:\Users\Remco\cppworkspace\client_server_practice\Release\interm\link.9188-cvtres.write.1.tlog
C:\Users\Remco\cppworkspace\client_server_practice\Release\interm\link.command.1.tlog
C:\Users\Remco\cppworkspace\client_server_practice\Release\interm\link.read.1.tlog
C:\Users\Remco\cppworkspace\client_server_practice\Release\interm\link.write.1.tlog
C:\Users\Remco\cppworkspace\client_server_practice\Release\interm\link-cvtres.read.1.tlog
C:\Users\Remco\cppworkspace\client_server_practice\Release\interm\link-cvtres.write.1.tlog
C:\USERS\REMCO\CPPWORKSPACE\CLIENT_SERVER_PRACTICE\RELEASE\INTERM\LINUXSTRINGS.OBJ
C:\USERS\REMCO\CPPWORKSPACE\CLIENT_SERVER_PRACTICE\RELEASE\INTERM\LOCKLESSTYPES.OBJ
C:\USERS\REMCO\CPPWORKSPACE\CLIENT_SERVER_PRACTICE\RELEASE\INTERM\LOGCOMMANDPARSER.OBJ
C:\USERS\REMCO\CPPWORKSPACE\CLIENT_SERVER_PRACTICE\RELEASE\INTERM\MAINMENUGUI.OBJ
C:\USERS\REMCO\CPPWORKSPACE\CLIENT_SERVER_PRACTICE\RELEASE\INTERM\MAPLOADER.OBJ
C:\USERS\REMCO\CPPWORKSPACE\CLIENT_SERVER_PRACTICE\RELEASE\INTERM\MAPTILE.OBJ
C:\USERS\REMCO\CPPWORKSPACE\CLIENT_SERVER_PRACTICE\RELEASE\INTERM\MESSAGEFILTER.OBJ
C:\Users\Remco\cppworkspace\client_server_practice\Release\interm\mt.command.1.tlog
C:\Users\Remco\cppworkspace\client_server_practice\Release\interm\mt.read.1.tlog
C:\Users\Remco\cppworkspace\client_server_practice\Release\interm\mt.write.1.tlog
C:\USERS\REMCO\CPPWORKSPACE\CLIENT_SERVER_PRACTICE\RELEASE\INTERM\NATPUNCHTHROUGHCLIENT.OBJ
C:\USERS\REMCO\CPPWORKSPACE\CLIENT_SERVER_PRACTICE\RELEASE\INTERM\NATPUNCHTHROUGHSERVER.OBJ
C:\USERS\REMCO\CPPWORKSPACE\CLIENT_SERVER_PRACTICE\RELEASE\INTERM\NATTYPEDETECTIONCLIENT.OBJ
C:\USERS\REMCO\CPPWORKSPACE\CLIENT_SERVER_PRACTICE\RELEASE\INTERM\NATTYPEDETECTIONCOMMON.OBJ
C:\USERS\REMCO\CPPWORKSPACE\CLIENT_SERVER_PRACTICE\RELEASE\INTERM\NATTYPEDETECTIONSERVER.OBJ
C:\USERS\REMCO\CPPWORKSPACE\CLIENT_SERVER_PRACTICE\RELEASE\INTERM\NETHANDLER.OBJ
C:\USERS\REMCO\CPPWORKSPACE\CLIENT_SERVER_PRACTICE\RELEASE\INTERM\NETWORKIDMANAGER.OBJ
C:\USERS\REMCO\CPPWORKSPACE\CLIENT_SERVER_PRACTICE\RELEASE\INTERM\NETWORKIDOBJECT.OBJ
C:\USERS\REMCO\CPPWORKSPACE\CLIENT_SERVER_PRACTICE\RELEASE\INTERM\PACKETCONSOLELOGGER.OBJ
C:\USERS\REMCO\CPPWORKSPACE\CLIENT_SERVER_PRACTICE\RELEASE\INTERM\PACKETFILELOGGER.OBJ
C:\USERS\REMCO\CPPWORKSPACE\CLIENT_SERVER_PRACTICE\RELEASE\INTERM\PACKETIZEDTCP.OBJ
C:\USERS\REMCO\CPPWORKSPACE\CLIENT_SERVER_PRACTICE\RELEASE\INTERM\PACKETLOGGER.OBJ
C:\USERS\REMCO\CPPWORKSPACE\CLIENT_SERVER_PRACTICE\RELEASE\INTERM\PACKETOUTPUTWINDOWLOGGER.OBJ
C:\USERS\REMCO\CPPWORKSPACE\CLIENT_SERVER_PRACTICE\RELEASE\INTERM\PACKETRECEIVER.OBJ
C:\USERS\REMCO\CPPWORKSPACE\CLIENT_SERVER_PRACTICE\RELEASE\INTERM\PACKETSENDER.OBJ
C:\USERS\REMCO\CPPWORKSPACE\CLIENT_SERVER_PRACTICE\RELEASE\INTERM\PACKETSHANDLER.OBJ
C:\USERS\REMCO\CPPWORKSPACE\CLIENT_SERVER_PRACTICE\RELEASE\INTERM\PLAYER.OBJ
C:\USERS\REMCO\CPPWORKSPACE\CLIENT_SERVER_PRACTICE\RELEASE\INTERM\PLUGININTERFACE2.OBJ
C:\USERS\REMCO\CPPWORKSPACE\CLIENT_SERVER_PRACTICE\RELEASE\INTERM\RACKSPACE.OBJ
C:\USERS\REMCO\CPPWORKSPACE\CLIENT_SERVER_PRACTICE\RELEASE\INTERM\RAKMEMORYOVERRIDE.OBJ
C:\USERS\REMCO\CPPWORKSPACE\CLIENT_SERVER_PRACTICE\RELEASE\INTERM\RAKNETCOMMANDPARSER.OBJ
C:\USERS\REMCO\CPPWORKSPACE\CLIENT_SERVER_PRACTICE\RELEASE\INTERM\RAKNETSOCKET.OBJ
C:\USERS\REMCO\CPPWORKSPACE\CLIENT_SERVER_PRACTICE\RELEASE\INTERM\RAKNETSOCKET2.OBJ
C:\USERS\REMCO\CPPWORKSPACE\CLIENT_SERVER_PRACTICE\RELEASE\INTERM\RAKNETSOCKET2_360_720.OBJ
C:\USERS\REMCO\CPPWORKSPACE\CLIENT_SERVER_PRACTICE\RELEASE\INTERM\RAKNETSOCKET2_BERKLEY.OBJ
C:\USERS\REMCO\CPPWORKSPACE\CLIENT_SERVER_PRACTICE\RELEASE\INTERM\RAKNETSOCKET2_BERKLEY_NATIVECLIENT.OBJ
C:\USERS\REMCO\CPPWORKSPACE\CLIENT_SERVER_PRACTICE\RELEASE\INTERM\RAKNETSOCKET2_NATIVECLIENT.OBJ
C:\USERS\REMCO\CPPWORKSPACE\CLIENT_SERVER_PRACTICE\RELEASE\INTERM\RAKNETSOCKET2_PS3_PS4.OBJ
C:\USERS\REMCO\CPPWORKSPACE\CLIENT_SERVER_PRACTICE\RELEASE\INTERM\RAKNETSOCKET2_VITA.OBJ
C:\USERS\REMCO\CPPWORKSPACE\CLIENT_SERVER_PRACTICE\RELEASE\INTERM\RAKNETSOCKET2_WINDOWS_LINUX.OBJ
C:\USERS\REMCO\CPPWORKSPACE\CLIENT_SERVER_PRACTICE\RELEASE\INTERM\RAKNETSOCKET2_WINDOWS_LINUX_360.OBJ
C:\USERS\REMCO\CPPWORKSPACE\CLIENT_SERVER_PRACTICE\RELEASE\INTERM\RAKNETSOCKET2_WINDOWSSTORE8.OBJ
C:\USERS\REMCO\CPPWORKSPACE\CLIENT_SERVER_PRACTICE\RELEASE\INTERM\RAKNETSTATISTICS.OBJ
C:\USERS\REMCO\CPPWORKSPACE\CLIENT_SERVER_PRACTICE\RELEASE\INTERM\RAKNETTRANSPORT2.OBJ
C:\USERS\REMCO\CPPWORKSPACE\CLIENT_SERVER_PRACTICE\RELEASE\INTERM\RAKNETTYPES.OBJ
C:\USERS\REMCO\CPPWORKSPACE\CLIENT_SERVER_PRACTICE\RELEASE\INTERM\RAKPEER.OBJ
C:\USERS\REMCO\CPPWORKSPACE\CLIENT_SERVER_PRACTICE\RELEASE\INTERM\RAKSLEEP.OBJ
C:\USERS\REMCO\CPPWORKSPACE\CLIENT_SERVER_PRACTICE\RELEASE\INTERM\RAKSTRING.OBJ
C:\USERS\REMCO\CPPWORKSPACE\CLIENT_SERVER_PRACTICE\RELEASE\INTERM\RAKTHREAD.OBJ
C:\USERS\REMCO\CPPWORKSPACE\CLIENT_SERVER_PRACTICE\RELEASE\INTERM\RAKWSTRING.OBJ
C:\USERS\REMCO\CPPWORKSPACE\CLIENT_SERVER_PRACTICE\RELEASE\INTERM\RAND.OBJ
C:\Users\Remco\cppworkspace\client_server_practice\Release\interm\rc.command.1.tlog
C:\Users\Remco\cppworkspace\client_server_practice\Release\interm\rc.read.1.tlog
C:\Users\Remco\cppworkspace\client_server_practice\Release\interm\rc.write.1.tlog
C:\USERS\REMCO\CPPWORKSPACE\CLIENT_SERVER_PRACTICE\RELEASE\INTERM\READYEVENT.OBJ
C:\USERS\REMCO\CPPWORKSPACE\CLIENT_SERVER_PRACTICE\RELEASE\INTERM\RELAYPLUGIN.OBJ
C:\USERS\REMCO\CPPWORKSPACE\CLIENT_SERVER_PRACTICE\RELEASE\INTERM\RELIABILITYLAYER.OBJ
C:\USERS\REMCO\CPPWORKSPACE\CLIENT_SERVER_PRACTICE\RELEASE\INTERM\REPLICAMANAGER3.OBJ
C:\USERS\REMCO\CPPWORKSPACE\CLIENT_SERVER_PRACTICE\RELEASE\INTERM\RESOURCELOADER.OBJ
C:\USERS\REMCO\CPPWORKSPACE\CLIENT_SERVER_PRACTICE\RELEASE\INTERM\ROUTER2.OBJ
C:\USERS\REMCO\CPPWORKSPACE\CLIENT_SERVER_PRACTICE\RELEASE\INTERM\RPC4PLUGIN.OBJ
C:\USERS\REMCO\CPPWORKSPACE\CLIENT_SERVER_PRACTICE\RELEASE\INTERM\SECUREHANDSHAKE.OBJ
C:\USERS\REMCO\CPPWORKSPACE\CLIENT_SERVER_PRACTICE\RELEASE\INTERM\SENDTOTHREAD.OBJ
C:\USERS\REMCO\CPPWORKSPACE\CLIENT_SERVER_PRACTICE\RELEASE\INTERM\SERVER.EXE.EMBED.MANIFEST
C:\USERS\REMCO\CPPWORKSPACE\CLIENT_SERVER_PRACTICE\RELEASE\INTERM\SERVER.EXE.EMBED.MANIFEST.RES
C:\USERS\REMCO\CPPWORKSPACE\CLIENT_SERVER_PRACTICE\RELEASE\INTERM\SERVER.EXE.INTERMEDIATE.MANIFEST
C:\USERS\REMCO\CPPWORKSPACE\CLIENT_SERVER_PRACTICE\RELEASE\INTERM\SERVER.OBJ
C:\Users\Remco\cppworkspace\client_server_practice\Release\interm\Server.write.1.tlog
C:\Users\Remco\cppworkspace\client_server_practice\Release\interm\Server_manifest.rc
C:\USERS\REMCO\CPPWORKSPACE\CLIENT_SERVER_PRACTICE\RELEASE\INTERM\SERVERSETTINGS.OBJ
C:\USERS\REMCO\CPPWORKSPACE\CLIENT_SERVER_PRACTICE\RELEASE\INTERM\SHA1.OBJ
C:\USERS\REMCO\CPPWORKSPACE\CLIENT_SERVER_PRACTICE\RELEASE\INTERM\SIGNALEDEVENT.OBJ
C:\USERS\REMCO\CPPWORKSPACE\CLIENT_SERVER_PRACTICE\RELEASE\INTERM\SIMPLEMUTEX.OBJ
C:\USERS\REMCO\CPPWORKSPACE\CLIENT_SERVER_PRACTICE\RELEASE\INTERM\SOCKETLAYER.OBJ
C:\USERS\REMCO\CPPWORKSPACE\CLIENT_SERVER_PRACTICE\RELEASE\INTERM\SPECIALMAPTILES.OBJ
C:\USERS\REMCO\CPPWORKSPACE\CLIENT_SERVER_PRACTICE\RELEASE\INTERM\STATISTICSHISTORY.OBJ
C:\USERS\REMCO\CPPWORKSPACE\CLIENT_SERVER_PRACTICE\RELEASE\INTERM\STRINGCOMPRESSOR.OBJ
C:\USERS\REMCO\CPPWORKSPACE\CLIENT_SERVER_PRACTICE\RELEASE\INTERM\STRINGTABLE.OBJ
C:\USERS\REMCO\CPPWORKSPACE\CLIENT_SERVER_PRACTICE\RELEASE\INTERM\SUPERFASTHASH.OBJ
C:\USERS\REMCO\CPPWORKSPACE\CLIENT_SERVER_PRACTICE\RELEASE\INTERM\TABLESERIALIZER.OBJ
C:\USERS\REMCO\CPPWORKSPACE\CLIENT_SERVER_PRACTICE\RELEASE\INTERM\TCPINTERFACE.OBJ
C:\USERS\REMCO\CPPWORKSPACE\CLIENT_SERVER_PRACTICE\RELEASE\INTERM\TEAMBALANCER.OBJ
C:\USERS\REMCO\CPPWORKSPACE\CLIENT_SERVER_PRACTICE\RELEASE\INTERM\TEAMMANAGER.OBJ
C:\USERS\REMCO\CPPWORKSPACE\CLIENT_SERVER_PRACTICE\RELEASE\INTERM\TELNETTRANSPORT.OBJ
C:\USERS\REMCO\CPPWORKSPACE\CLIENT_SERVER_PRACTICE\RELEASE\INTERM\THREADSAFEPACKETLOGGER.OBJ
C:\USERS\REMCO\CPPWORKSPACE\CLIENT_SERVER_PRACTICE\RELEASE\INTERM\TWOWAYAUTHENTICATION.OBJ
C:\USERS\REMCO\CPPWORKSPACE\CLIENT_SERVER_PRACTICE\RELEASE\INTERM\UDPFORWARDER.OBJ
C:\USERS\REMCO\CPPWORKSPACE\CLIENT_SERVER_PRACTICE\RELEASE\INTERM\UDPPROXYCLIENT.OBJ
C:\USERS\REMCO\CPPWORKSPACE\CLIENT_SERVER_PRACTICE\RELEASE\INTERM\UDPPROXYCOORDINATOR.OBJ
C:\USERS\REMCO\CPPWORKSPACE\CLIENT_SERVER_PRACTICE\RELEASE\INTERM\UDPPROXYSERVER.OBJ
C:\USERS\REMCO\CPPWORKSPACE\CLIENT_SERVER_PRACTICE\RELEASE\INTERM\VARIABLEDELTASERIALIZER.OBJ
C:\USERS\REMCO\CPPWORKSPACE\CLIENT_SERVER_PRACTICE\RELEASE\INTERM\VARIABLELISTDELTATRACKER.OBJ
C:\USERS\REMCO\CPPWORKSPACE\CLIENT_SERVER_PRACTICE\RELEASE\INTERM\VARIADICSQLPARSER.OBJ
C:\USERS\REMCO\CPPWORKSPACE\CLIENT_SERVER_PRACTICE\RELEASE\INTERM\VC100.PDB
C:\USERS\REMCO\CPPWORKSPACE\CLIENT_SERVER_PRACTICE\RELEASE\INTERM\VIEWHANDLER.OBJ
C:\USERS\REMCO\CPPWORKSPACE\CLIENT_SERVER_PRACTICE\RELEASE\INTERM\VITAINCLUDES.OBJ
C:\USERS\REMCO\CPPWORKSPACE\CLIENT_SERVER_PRACTICE\RELEASE\INTERM\WORLD.OBJ
C:\USERS\REMCO\CPPWORKSPACE\CLIENT_SERVER_PRACTICE\RELEASE\INTERM\WORLDSETTINGS.OBJ
C:\USERS\REMCO\CPPWORKSPACE\CLIENT_SERVER_PRACTICE\RELEASE\INTERM\WSASTARTUPSINGLETON.OBJ
C:\USERS\REMCO\CPPWORKSPACE\CLIENT_SERVER_PRACTICE\RELEASE\SERVER.EXE
C:\USERS\REMCO\CPPWORKSPACE\CLIENT_SERVER_PRACTICE\RELEASE\SERVER.PDB
